[2026-04-04 08:44:21Z INFO HostContext] No proxy settings were found based on environmental variables (http_proxy/https_proxy/HTTP_PROXY/HTTPS_PROXY)
[2026-04-04 08:44:21Z INFO HostContext] Well known directory 'Bin': 'C:\Users\USER\Desktop\opensource\2025104972 김원효 HW2\actions-runner\bin'
[2026-04-04 08:44:21Z INFO HostContext] Well known directory 'Root': 'C:\Users\USER\Desktop\opensource\2025104972 김원효 HW2\actions-runner'
[2026-04-04 08:44:21Z INFO HostContext] Well known config file 'Credentials': 'C:\Users\USER\Desktop\opensource\2025104972 김원효 HW2\actions-runner\.credentials'
[2026-04-04 08:44:21Z INFO HostContext] Well known directory 'Bin': 'C:\Users\USER\Desktop\opensource\2025104972 김원효 HW2\actions-runner\bin'
[2026-04-04 08:44:21Z INFO HostContext] Well known directory 'Root': 'C:\Users\USER\Desktop\opensource\2025104972 김원효 HW2\actions-runner'
[2026-04-04 08:44:21Z INFO HostContext] Well known config file 'Runner': 'C:\Users\USER\Desktop\opensource\2025104972 김원효 HW2\actions-runner\.runner'
[2026-04-04 08:44:21Z INFO Listener] Runner is built for Windows (X64) - win-x64.
[2026-04-04 08:44:21Z INFO Listener] RuntimeInformation: Microsoft Windows 10.0.26200.
[2026-04-04 08:44:21Z INFO Listener] Version: 2.333.1
[2026-04-04 08:44:21Z INFO Listener] Commit: 6792966801e8925346735b68c03bf9f347af4646
[2026-04-04 08:44:21Z INFO Listener] Culture: ko-KR
[2026-04-04 08:44:21Z INFO Listener] UI Culture: ko-KR
[2026-04-04 08:44:21Z INFO HostContext] Well known directory 'Bin': 'C:\Users\USER\Desktop\opensource\2025104972 김원효 HW2\actions-runner\bin'
[2026-04-04 08:44:21Z INFO HostContext] Well known directory 'Root': 'C:\Users\USER\Desktop\opensource\2025104972 김원효 HW2\actions-runner'
[2026-04-04 08:44:21Z INFO Listener] Validating directory permissions for: 'C:\Users\USER\Desktop\opensource\2025104972 김원효 HW2\actions-runner'
[2026-04-04 08:44:21Z INFO CommandLineParser] Parse
[2026-04-04 08:44:21Z INFO CommandLineParser] Parsing 7 args
[2026-04-04 08:44:21Z INFO CommandLineParser] parsing argument
[2026-04-04 08:44:21Z INFO CommandLineParser] HasArgs: False
[2026-04-04 08:44:21Z INFO CommandLineParser] Adding Command: configure
[2026-04-04 08:44:21Z INFO CommandLineParser] parsing argument
[2026-04-04 08:44:21Z INFO CommandLineParser] HasArgs: True
[2026-04-04 08:44:21Z INFO CommandLineParser] arg: url
[2026-04-04 08:44:21Z INFO CommandLineParser] parsing argument
[2026-04-04 08:44:21Z INFO CommandLineParser] HasArgs: True
[2026-04-04 08:44:21Z INFO CommandLineParser] Adding option 'url': 'https://github.com/skyblue220/HW2'
[2026-04-04 08:44:21Z INFO CommandLineParser] parsing argument
[2026-04-04 08:44:21Z INFO CommandLineParser] HasArgs: True
[2026-04-04 08:44:21Z INFO CommandLineParser] arg: token
[2026-04-04 08:44:21Z INFO CommandLineParser] parsing argument
[2026-04-04 08:44:21Z INFO CommandLineParser] HasArgs: True
[2026-04-04 08:44:21Z INFO CommandLineParser] Adding option 'token': '***'
[2026-04-04 08:44:21Z INFO CommandLineParser] parsing argument
[2026-04-04 08:44:21Z INFO CommandLineParser] HasArgs: True
[2026-04-04 08:44:21Z INFO CommandLineParser] arg: unattended
[2026-04-04 08:44:21Z INFO CommandLineParser] parsing argument
[2026-04-04 08:44:21Z INFO CommandLineParser] HasArgs: True
[2026-04-04 08:44:21Z INFO CommandLineParser] arg: replace
[2026-04-04 08:44:21Z INFO CommandLineParser] Adding flag: unattended
[2026-04-04 08:44:21Z INFO Listener] Arguments parsed
[2026-04-04 08:44:21Z INFO Runner] ExecuteCommand
[2026-04-04 08:44:21Z INFO ConfigurationStore] currentAssemblyLocation: C:\Users\USER\Desktop\opensource\2025104972 김원효 HW2\actions-runner\bin\Runner.Listener.dll
[2026-04-04 08:44:21Z INFO HostContext] Well known directory 'Bin': 'C:\Users\USER\Desktop\opensource\2025104972 김원효 HW2\actions-runner\bin'
[2026-04-04 08:44:21Z INFO ConfigurationStore] binPath: C:\Users\USER\Desktop\opensource\2025104972 김원효 HW2\actions-runner\bin
[2026-04-04 08:44:21Z INFO HostContext] Well known directory 'Bin': 'C:\Users\USER\Desktop\opensource\2025104972 김원효 HW2\actions-runner\bin'
[2026-04-04 08:44:21Z INFO HostContext] Well known directory 'Root': 'C:\Users\USER\Desktop\opensource\2025104972 김원효 HW2\actions-runner'
[2026-04-04 08:44:21Z INFO ConfigurationStore] RootFolder: C:\Users\USER\Desktop\opensource\2025104972 김원효 HW2\actions-runner
[2026-04-04 08:44:21Z INFO HostContext] Well known directory 'Bin': 'C:\Users\USER\Desktop\opensource\2025104972 김원효 HW2\actions-runner\bin'
[2026-04-04 08:44:21Z INFO HostContext] Well known directory 'Root': 'C:\Users\USER\Desktop\opensource\2025104972 김원효 HW2\actions-runner'
[2026-04-04 08:44:21Z INFO HostContext] Well known config file 'Runner': 'C:\Users\USER\Desktop\opensource\2025104972 김원효 HW2\actions-runner\.runner'
[2026-04-04 08:44:21Z INFO ConfigurationStore] ConfigFilePath: C:\Users\USER\Desktop\opensource\2025104972 김원효 HW2\actions-runner\.runner
[2026-04-04 08:44:21Z INFO HostContext] Well known directory 'Bin': 'C:\Users\USER\Desktop\opensource\2025104972 김원효 HW2\actions-runner\bin'
[2026-04-04 08:44:21Z INFO HostContext] Well known directory 'Root': 'C:\Users\USER\Desktop\opensource\2025104972 김원효 HW2\actions-runner'
[2026-04-04 08:44:21Z INFO HostContext] Well known config file 'MigratedRunner': 'C:\Users\USER\Desktop\opensource\2025104972 김원효 HW2\actions-runner\.runner_migrated'
[2026-04-04 08:44:21Z INFO ConfigurationStore] MigratedConfigFilePath: C:\Users\USER\Desktop\opensource\2025104972 김원효 HW2\actions-runner\.runner_migrated
[2026-04-04 08:44:21Z INFO HostContext] Well known directory 'Bin': 'C:\Users\USER\Desktop\opensource\2025104972 김원효 HW2\actions-runner\bin'
[2026-04-04 08:44:21Z INFO HostContext] Well known directory 'Root': 'C:\Users\USER\Desktop\opensource\2025104972 김원효 HW2\actions-runner'
[2026-04-04 08:44:21Z INFO HostContext] Well known config file 'Credentials': 'C:\Users\USER\Desktop\opensource\2025104972 김원효 HW2\actions-runner\.credentials'
[2026-04-04 08:44:21Z INFO ConfigurationStore] CredFilePath: C:\Users\USER\Desktop\opensource\2025104972 김원효 HW2\actions-runner\.credentials
[2026-04-04 08:44:21Z INFO HostContext] Well known directory 'Bin': 'C:\Users\USER\Desktop\opensource\2025104972 김원효 HW2\actions-runner\bin'
[2026-04-04 08:44:21Z INFO HostContext] Well known directory 'Root': 'C:\Users\USER\Desktop\opensource\2025104972 김원효 HW2\actions-runner'
[2026-04-04 08:44:21Z INFO HostContext] Well known config file 'MigratedCredentials': 'C:\Users\USER\Desktop\opensource\2025104972 김원효 HW2\actions-runner\.credentials_migrated'
[2026-04-04 08:44:21Z INFO ConfigurationStore] MigratedCredFilePath: C:\Users\USER\Desktop\opensource\2025104972 김원효 HW2\actions-runner\.credentials_migrated
[2026-04-04 08:44:21Z INFO HostContext] Well known directory 'Bin': 'C:\Users\USER\Desktop\opensource\2025104972 김원효 HW2\actions-runner\bin'
[2026-04-04 08:44:21Z INFO HostContext] Well known directory 'Root': 'C:\Users\USER\Desktop\opensource\2025104972 김원효 HW2\actions-runner'
[2026-04-04 08:44:21Z INFO HostContext] Well known config file 'Service': 'C:\Users\USER\Desktop\opensource\2025104972 김원효 HW2\actions-runner\.service'
[2026-04-04 08:44:21Z INFO ConfigurationStore] ServiceConfigFilePath: C:\Users\USER\Desktop\opensource\2025104972 김원효 HW2\actions-runner\.service
[2026-04-04 08:44:21Z INFO CommandSettings] Flag 'help': 'False'
[2026-04-04 08:44:21Z INFO CommandSettings] Flag 'version': 'False'
[2026-04-04 08:44:21Z INFO CommandSettings] Flag 'commit': 'False'
[2026-04-04 08:44:21Z INFO CommandSettings] Flag 'check': 'False'
[2026-04-04 08:44:22Z INFO CommandSettings] Command 'configure': 'True'
[2026-04-04 08:44:22Z INFO Terminal] WRITE LINE: 
[2026-04-04 08:44:22Z INFO Terminal] WRITE LINE: --------------------------------------------------------------------------------
[2026-04-04 08:44:22Z INFO Terminal] WRITE LINE: |        ____ _ _   _   _       _          _        _   _                      |
[2026-04-04 08:44:22Z INFO Terminal] WRITE LINE: |       / ___(_) |_| | | |_   _| |__      / \   ___| |_(_) ___  _ __  ___      |
[2026-04-04 08:44:22Z INFO Terminal] WRITE LINE: |      | |  _| | __| |_| | | | | '_ \    / _ \ / __| __| |/ _ \| '_ \/ __|     |
[2026-04-04 08:44:22Z INFO Terminal] WRITE LINE: |      | |_| | | |_|  _  | |_| | |_) |  / ___ \ (__| |_| | (_) | | | \__ \     |
[2026-04-04 08:44:22Z INFO Terminal] WRITE LINE: |       \____|_|\__|_| |_|\__,_|_.__/  /_/   \_\___|\__|_|\___/|_| |_|___/     |
[2026-04-04 08:44:22Z INFO Terminal] WRITE LINE: |                                                                              |
[2026-04-04 08:44:22Z INFO Terminal] WRITE: |                       
[2026-04-04 08:44:22Z INFO Terminal] WRITE: Self-hosted runner registration
[2026-04-04 08:44:22Z INFO Terminal] WRITE LINE:                         |
[2026-04-04 08:44:22Z INFO Terminal] WRITE LINE: |                                                                              |
[2026-04-04 08:44:22Z INFO Terminal] WRITE LINE: --------------------------------------------------------------------------------
[2026-04-04 08:44:22Z INFO ConfigurationManager] ConfigureAsync
[2026-04-04 08:44:22Z INFO CommandSettings] Flag 'generateServiceConfig': 'False'
[2026-04-04 08:44:22Z INFO ConfigurationStore] IsConfigured()
[2026-04-04 08:44:22Z INFO ConfigurationStore] IsConfigured: False
[2026-04-04 08:44:22Z INFO ConfigurationManager] Is configured: False
[2026-04-04 08:44:22Z INFO CommandSettings] Arg 'url': 'https://github.com/skyblue220/HW2'
[2026-04-04 08:44:22Z INFO CommandSettings] Remove url from Arg dictionary.
[2026-04-04 08:44:22Z INFO CommandSettings] Arg 'token': '***'
[2026-04-04 08:44:22Z INFO CommandSettings] Remove token from Arg dictionary.
[2026-04-04 08:44:23Z INFO ConfigurationManager] Http response code: OK from 'POST https://api.github.com/actions/runner-registration' (082E:2E34F5:5E37C1:7DC509:69D0CF64)
[2026-04-04 08:44:23Z INFO ConfigurationManager] Using runner-admin flow: False
[2026-04-04 08:44:23Z INFO ConfigurationManager] cred retrieved via GitHub auth
[2026-04-04 08:44:23Z INFO RunnerServer] EstablishVssConnection
[2026-04-04 08:44:23Z INFO RunnerServer] Establish connection with 100 seconds timeout.
[2026-04-04 08:44:23Z INFO GitHubActionsService] Starting operation Location.GetConnectionData
[2026-04-04 08:44:23Z INFO RunnerServer] EstablishVssConnection
[2026-04-04 08:44:23Z INFO RunnerServer] Establish connection with 60 seconds timeout.
[2026-04-04 08:44:23Z INFO GitHubActionsService] Starting operation Location.GetConnectionData
[2026-04-04 08:44:23Z INFO RunnerServer] EstablishVssConnection
[2026-04-04 08:44:23Z INFO RunnerServer] Establish connection with 60 seconds timeout.
[2026-04-04 08:44:23Z INFO GitHubActionsService] Starting operation Location.GetConnectionData
[2026-04-04 08:44:24Z INFO GitHubActionsService] Finished operation Location.GetConnectionData
[2026-04-04 08:44:24Z INFO GitHubActionsService] Finished operation Location.GetConnectionData
[2026-04-04 08:44:24Z INFO GitHubActionsService] Finished operation Location.GetConnectionData
[2026-04-04 08:44:24Z INFO Terminal] WRITE LINE: 
[2026-04-04 08:44:24Z INFO ConfigurationManager] Test Connection complete.
[2026-04-04 08:44:24Z INFO HostContext] Well known directory 'Bin': 'C:\Users\USER\Desktop\opensource\2025104972 김원효 HW2\actions-runner\bin'
[2026-04-04 08:44:24Z INFO HostContext] Well known directory 'Root': 'C:\Users\USER\Desktop\opensource\2025104972 김원효 HW2\actions-runner'
[2026-04-04 08:44:24Z INFO HostContext] Well known config file 'RSACredentials': 'C:\Users\USER\Desktop\opensource\2025104972 김원효 HW2\actions-runner\.credentials_rsaparams'
[2026-04-04 08:44:24Z INFO RSAEncryptedFileKeyManager] Creating new RSA key using 2048-bit key length
[2026-04-04 08:44:24Z INFO RSAEncryptedFileKeyManager] Successfully saved RSA key parameters to file C:\Users\USER\Desktop\opensource\2025104972 김원효 HW2\actions-runner\.credentials_rsaparams
[2026-04-04 08:44:25Z INFO CommandSettings] Arg 'runnergroup': ''
[2026-04-04 08:44:25Z INFO CommandSettings] Flag 'unattended': 'True'
[2026-04-04 08:44:25Z INFO PromptManager] ReadValue
[2026-04-04 08:44:25Z INFO Terminal] WRITE LINE: 
[2026-04-04 08:44:25Z INFO ConfigurationManager] Found a self-hosted runner group with id 1 and name Default
[2026-04-04 08:44:25Z INFO CommandSettings] Flag 'disableupdate': 'False'
[2026-04-04 08:44:25Z INFO CommandSettings] Flag 'ephemeral': 'False'
[2026-04-04 08:44:25Z INFO CommandSettings] Arg 'name': ''
[2026-04-04 08:44:25Z INFO CommandSettings] Flag 'unattended': 'True'
[2026-04-04 08:44:25Z INFO PromptManager] ReadValue
[2026-04-04 08:44:25Z INFO Terminal] WRITE LINE: 
[2026-04-04 08:44:25Z INFO CommandSettings] Arg 'labels': ''
[2026-04-04 08:44:25Z INFO CommandSettings] Flag 'unattended': 'True'
[2026-04-04 08:44:25Z INFO PromptManager] ReadValue
[2026-04-04 08:44:25Z INFO Terminal] WRITE LINE: 
[2026-04-04 08:44:25Z INFO CommandSettings] Flag 'disableupdate': 'False'
[2026-04-04 08:44:25Z INFO CommandSettings] Flag 'no-default-labels': 'False'
[2026-04-04 08:44:25Z INFO CommandSettings] Flag 'disableupdate': 'False'
[2026-04-04 08:44:25Z INFO CommandSettings] Flag 'ephemeral': 'False'
[2026-04-04 08:44:25Z INFO ConfigurationStore] Saving OAuth credential @ C:\Users\USER\Desktop\opensource\2025104972 김원효 HW2\actions-runner\.credentials
[2026-04-04 08:44:25Z INFO ConfigurationStore] Credentials Saved.
[2026-04-04 08:44:25Z INFO ConfigurationManager] Service enforced serverUrlV2: https://broker.actions.githubusercontent.com/
[2026-04-04 08:44:25Z INFO ConfigurationManager] Service enforced useV2Flow: True
[2026-04-04 08:44:25Z INFO CommandSettings] Arg 'work': ''
[2026-04-04 08:44:25Z INFO CommandSettings] Flag 'unattended': 'True'
[2026-04-04 08:44:25Z INFO PromptManager] ReadValue
[2026-04-04 08:44:25Z INFO ConfigurationStore] Saving runner settings.
[2026-04-04 08:44:25Z INFO ConfigurationStore] Settings Saved.
[2026-04-04 08:44:25Z INFO Terminal] WRITE LINE: 
[2026-04-04 08:44:25Z INFO Terminal] WRITE LINE: 
[2026-04-04 08:44:25Z INFO CommandSettings] Flag 'runasservice': 'False'
[2026-04-04 08:44:25Z INFO CommandSettings] Flag 'unattended': 'True'
[2026-04-04 08:44:25Z INFO PromptManager] ReadValue
[2026-04-04 08:44:25Z INFO Listener] Runner execution has finished with return code 0
